<?xml version="1.0" encoding="UTF-8"?>
<!-- Generated by org.testng.reporters.JUnitXMLReporter -->
<testsuite ignored="17" hostname="B0153-BhanuP" failures="0" tests="3" name="Default test" time="27.032" errors="0" timestamp="2023-07-12T13:12:27 IST">
  <testcase classname="biocube_Truntrance.TruNtrance" name="LoginSuperAdmin" time="3.952"/>
  <testcase classname="biocube_Truntrance.TruNtrance" name="LoginSuperAdmin" time="4.12"/>
  <testcase classname="biocube_Truntrance.TruNtrance" name="LoginSuperAdmin" time="3.754"/>
  <testcase classname="biocube_Truntrance.TruNtrance" name="LoginInstituteAdmin" time="0.0">
    <ignored/>
  </testcase> <!-- LoginInstituteAdmin -->
  <testcase classname="biocube_Truntrance.TruNtrance" name="HmpgDistrict" time="0.0">
    <ignored/>
  </testcase> <!-- HmpgDistrict -->
  <testcase classname="biocube_Truntrance.TruNtrance" name="manageClient" time="0.0">
    <ignored/>
  </testcase> <!-- manageClient -->
  <testcase classname="biocube_Truntrance.TruNtrance" name="manageClintAdd" time="0.0">
    <ignored/>
  </testcase> <!-- manageClintAdd -->
  <testcase classname="biocube_Truntrance.TruNtrance" name="ManageBanner" time="0.0">
    <ignored/>
  </testcase> <!-- ManageBanner -->
  <testcase classname="biocube_Truntrance.TruNtrance" name="HmpgState" time="0.0">
    <ignored/>
  </testcase> <!-- HmpgState -->
  <testcase classname="biocube_Truntrance.TruNtrance" name="managegroup" time="0.0">
    <ignored/>
  </testcase> <!-- managegroup -->
  <testcase classname="biocube_Truntrance.TruNtrance" name="creategroupAdmin" time="0.0">
    <ignored/>
  </testcase> <!-- creategroupAdmin -->
  <testcase classname="biocube_Truntrance.TruNtrance" name="loginGroupAdmin1" time="0.0">
    <ignored/>
  </testcase> <!-- loginGroupAdmin1 -->
  <testcase classname="biocube_Truntrance.TruNtrance" name="loginInstituteAdmin" time="0.0">
    <ignored/>
  </testcase> <!-- loginInstituteAdmin -->
  <testcase classname="biocube_Truntrance.TruNtrance" name="HmpgCountry" time="0.0">
    <ignored/>
  </testcase> <!-- HmpgCountry -->
  <testcase classname="biocube_Truntrance.TruNtrance" name="LoginGroupAdmin" time="0.0">
    <ignored/>
  </testcase> <!-- LoginGroupAdmin -->
  <testcase classname="biocube_Truntrance.TruNtrance" name="manageFeedback" time="0.0">
    <ignored/>
  </testcase> <!-- manageFeedback -->
  <testcase classname="biocube_Truntrance.TruNtrance" name="addGroupAdmin" time="0.0">
    <ignored/>
  </testcase> <!-- addGroupAdmin -->
  <testcase classname="biocube_Truntrance.TruNtrance" name="HmpgCity" time="0.0">
    <ignored/>
  </testcase> <!-- HmpgCity -->
  <testcase classname="biocube_Truntrance.TruNtrance" name="InstituteConfig" time="0.0">
    <ignored/>
  </testcase> <!-- InstituteConfig -->
  <testcase classname="biocube_Truntrance.TruNtrance" name="manageClient_Add" time="0.0">
    <ignored/>
  </testcase> <!-- manageClient_Add -->
</testsuite> <!-- Default test -->
