<?xml version="1.0" encoding="UTF-8"?>
<!-- Generated by org.testng.reporters.JUnitXMLReporter -->
<testsuite ignored="0" hostname="B0153-BhanuP" failures="0" tests="3" name="Default test" time="18.633" errors="0" timestamp="2023-04-18T18:16:47 IST">
  <testcase classname="biocube_Truntrance.TruNtrance" name="LoginGroupAdmin" time="0.596"/>
  <testcase classname="biocube_Truntrance.TruNtrance" name="LoginInstituteAdmin" time="0.571"/>
  <testcase classname="biocube_Truntrance.TruNtrance" name="LoginSuperAdmin" time="0.567"/>
</testsuite> <!-- Default test -->
