<?xml version="1.0" encoding="UTF-8"?>
<!-- Generated by org.testng.reporters.JUnitXMLReporter -->
<testsuite ignored="0" hostname="B0153-BhanuP" failures="0" tests="3" name="Test" time="14.007" errors="0" timestamp="2023-04-18T18:33:11 IST">
  <testcase classname="biocube_Truntrance.TruNtrance" name="LoginGroupAdmin" time="0.643"/>
  <testcase classname="biocube_Truntrance.TruNtrance" name="LoginInstituteAdmin" time="0.56"/>
  <testcase classname="biocube_Truntrance.TruNtrance" name="LoginSuperAdmin" time="0.551"/>
</testsuite> <!-- Test -->
