<?xml version="1.0" encoding="UTF-8"?>
<testng-results ignored="0" total="3" passed="3" failed="0" skipped="0">
  <reporter-output>
  </reporter-output>
  <suite started-at="2023-04-18T18:32:57 IST" name="Suite" finished-at="2023-04-18T18:33:11 IST" duration-ms="14007">
    <groups>
    </groups>
    <test started-at="2023-04-18T18:32:57 IST" name="Test" finished-at="2023-04-18T18:33:11 IST" duration-ms="14007">
      <class name="biocube_Truntrance.TruNtrance">
        <test-method is-config="true" signature="LaunchApplication()[pri:0, instance:biocube_Truntrance.TruNtrance@221a3fa4]" started-at="2023-04-18T18:32:57 IST" name="LaunchApplication" finished-at="2023-04-18T18:33:02 IST" duration-ms="4544" status="PASS">
          <reporter-output>
          </reporter-output>
        </test-method> <!-- LaunchApplication -->
        <test-method signature="LoginGroupAdmin()[pri:0, instance:biocube_Truntrance.TruNtrance@221a3fa4]" started-at="2023-04-18T18:33:02 IST" name="LoginGroupAdmin" finished-at="2023-04-18T18:33:03 IST" duration-ms="643" status="PASS">
          <reporter-output>
          </reporter-output>
        </test-method> <!-- LoginGroupAdmin -->
        <test-method is-config="true" signature="DriverClose()[pri:0, instance:biocube_Truntrance.TruNtrance@221a3fa4]" started-at="2023-04-18T18:33:03 IST" name="DriverClose" finished-at="2023-04-18T18:33:03 IST" duration-ms="146" status="PASS">
          <reporter-output>
          </reporter-output>
        </test-method> <!-- DriverClose -->
        <test-method is-config="true" signature="LaunchApplication()[pri:0, instance:biocube_Truntrance.TruNtrance@221a3fa4]" started-at="2023-04-18T18:33:03 IST" name="LaunchApplication" finished-at="2023-04-18T18:33:06 IST" duration-ms="3621" status="PASS">
          <reporter-output>
          </reporter-output>
        </test-method> <!-- LaunchApplication -->
        <test-method signature="LoginInstituteAdmin()[pri:0, instance:biocube_Truntrance.TruNtrance@221a3fa4]" started-at="2023-04-18T18:33:06 IST" name="LoginInstituteAdmin" finished-at="2023-04-18T18:33:07 IST" duration-ms="560" status="PASS">
          <reporter-output>
          </reporter-output>
        </test-method> <!-- LoginInstituteAdmin -->
        <test-method is-config="true" signature="DriverClose()[pri:0, instance:biocube_Truntrance.TruNtrance@221a3fa4]" started-at="2023-04-18T18:33:07 IST" name="DriverClose" finished-at="2023-04-18T18:33:07 IST" duration-ms="154" status="PASS">
          <reporter-output>
          </reporter-output>
        </test-method> <!-- DriverClose -->
        <test-method is-config="true" signature="LaunchApplication()[pri:0, instance:biocube_Truntrance.TruNtrance@221a3fa4]" started-at="2023-04-18T18:33:07 IST" name="LaunchApplication" finished-at="2023-04-18T18:33:11 IST" duration-ms="3616" status="PASS">
          <reporter-output>
          </reporter-output>
        </test-method> <!-- LaunchApplication -->
        <test-method signature="LoginSuperAdmin()[pri:0, instance:biocube_Truntrance.TruNtrance@221a3fa4]" started-at="2023-04-18T18:33:11 IST" name="LoginSuperAdmin" finished-at="2023-04-18T18:33:11 IST" duration-ms="551" status="PASS">
          <reporter-output>
          </reporter-output>
        </test-method> <!-- LoginSuperAdmin -->
        <test-method is-config="true" signature="DriverClose()[pri:0, instance:biocube_Truntrance.TruNtrance@221a3fa4]" started-at="2023-04-18T18:33:11 IST" name="DriverClose" finished-at="2023-04-18T18:33:11 IST" duration-ms="137" status="PASS">
          <reporter-output>
          </reporter-output>
        </test-method> <!-- DriverClose -->
      </class> <!-- biocube_Truntrance.TruNtrance -->
    </test> <!-- Test -->
  </suite> <!-- Suite -->
</testng-results>
