<?xml version="1.0" encoding="UTF-8"?>
<testng-results ignored="17" total="20" passed="3" failed="0" skipped="0">
  <reporter-output>
  </reporter-output>
  <suite started-at="2023-07-12T13:12:00 IST" name="Default suite" finished-at="2023-07-12T13:12:27 IST" duration-ms="27032">
    <groups>
    </groups>
    <test started-at="2023-07-12T13:12:00 IST" name="Default test" finished-at="2023-07-12T13:12:27 IST" duration-ms="27032">
      <class name="biocube_Truntrance.TruNtrance">
        <test-method is-config="true" signature="LaunchApplication()[pri:0, instance:biocube_Truntrance.TruNtrance@75db5df9]" started-at="2023-07-12T13:12:00 IST" name="LaunchApplication" finished-at="2023-07-12T13:12:06 IST" duration-ms="5607" status="PASS">
          <reporter-output>
          </reporter-output>
        </test-method> <!-- LaunchApplication -->
        <test-method signature="LoginSuperAdmin(java.lang.String,java.lang.String,java.lang.String,java.lang.String,java.lang.String,java.lang.String)[pri:0, instance:biocube_Truntrance.TruNtrance@75db5df9]" started-at="2023-07-12T13:12:06 IST" name="LoginSuperAdmin" data-provider="drivenTest" finished-at="2023-07-12T13:12:10 IST" duration-ms="3952" status="PASS">
          <params>
            <param index="0">
              <value>
                <![CDATA[super999]]>
              </value>
            </param>
            <param index="1">
              <value>
                <![CDATA[3]]>
              </value>
            </param>
            <param index="2">
              <value>
                <![CDATA[3]]>
              </value>
            </param>
            <param index="3">
              <value>
                <![CDATA[2]]>
              </value>
            </param>
            <param index="4">
              <value>
                <![CDATA[1]]>
              </value>
            </param>
            <param index="5">
              <value>
                <![CDATA[invalid]]>
              </value>
            </param>
          </params>
          <reporter-output>
          </reporter-output>
        </test-method> <!-- LoginSuperAdmin -->
        <test-method is-config="true" signature="DriverClose()[pri:0, instance:biocube_Truntrance.TruNtrance@75db5df9]" started-at="2023-07-12T13:12:10 IST" name="DriverClose" finished-at="2023-07-12T13:12:10 IST" duration-ms="139" status="PASS">
          <reporter-output>
          </reporter-output>
        </test-method> <!-- DriverClose -->
        <test-method is-config="true" signature="LaunchApplication()[pri:0, instance:biocube_Truntrance.TruNtrance@75db5df9]" started-at="2023-07-12T13:12:10 IST" name="LaunchApplication" finished-at="2023-07-12T13:12:14 IST" duration-ms="4031" status="PASS">
          <reporter-output>
          </reporter-output>
        </test-method> <!-- LaunchApplication -->
        <test-method signature="LoginSuperAdmin(java.lang.String,java.lang.String,java.lang.String,java.lang.String,java.lang.String,java.lang.String)[pri:0, instance:biocube_Truntrance.TruNtrance@75db5df9]" started-at="2023-07-12T13:12:14 IST" name="LoginSuperAdmin" data-provider="drivenTest" finished-at="2023-07-12T13:12:18 IST" duration-ms="4120" status="PASS">
          <params>
            <param index="0">
              <value>
                <![CDATA[super999]]>
              </value>
            </param>
            <param index="1">
              <value>
                <![CDATA[4]]>
              </value>
            </param>
            <param index="2">
              <value>
                <![CDATA[3]]>
              </value>
            </param>
            <param index="3">
              <value>
                <![CDATA[2]]>
              </value>
            </param>
            <param index="4">
              <value>
                <![CDATA[1]]>
              </value>
            </param>
            <param index="5">
              <value>
                <![CDATA[valid]]>
              </value>
            </param>
          </params>
          <reporter-output>
          </reporter-output>
        </test-method> <!-- LoginSuperAdmin -->
        <test-method is-config="true" signature="DriverClose()[pri:0, instance:biocube_Truntrance.TruNtrance@75db5df9]" started-at="2023-07-12T13:12:18 IST" name="DriverClose" finished-at="2023-07-12T13:12:18 IST" duration-ms="216" status="PASS">
          <reporter-output>
          </reporter-output>
        </test-method> <!-- DriverClose -->
        <test-method is-config="true" signature="LaunchApplication()[pri:0, instance:biocube_Truntrance.TruNtrance@75db5df9]" started-at="2023-07-12T13:12:18 IST" name="LaunchApplication" finished-at="2023-07-12T13:12:23 IST" duration-ms="4620" status="PASS">
          <reporter-output>
          </reporter-output>
        </test-method> <!-- LaunchApplication -->
        <test-method signature="LoginSuperAdmin(java.lang.String,java.lang.String,java.lang.String,java.lang.String,java.lang.String,java.lang.String)[pri:0, instance:biocube_Truntrance.TruNtrance@75db5df9]" started-at="2023-07-12T13:12:23 IST" name="LoginSuperAdmin" data-provider="drivenTest" finished-at="2023-07-12T13:12:27 IST" duration-ms="3754" status="PASS">
          <params>
            <param index="0">
              <value>
                <![CDATA[a]]>
              </value>
            </param>
            <param index="1">
              <value>
                <![CDATA[c]]>
              </value>
            </param>
            <param index="2">
              <value>
                <![CDATA[v]]>
              </value>
            </param>
            <param index="3">
              <value>
                <![CDATA[v]]>
              </value>
            </param>
            <param index="4">
              <value>
                <![CDATA[f]]>
              </value>
            </param>
            <param index="5">
              <value>
                <![CDATA[invalid]]>
              </value>
            </param>
          </params>
          <reporter-output>
          </reporter-output>
        </test-method> <!-- LoginSuperAdmin -->
        <test-method is-config="true" signature="DriverClose()[pri:0, instance:biocube_Truntrance.TruNtrance@75db5df9]" started-at="2023-07-12T13:12:27 IST" name="DriverClose" finished-at="2023-07-12T13:12:27 IST" duration-ms="149" status="PASS">
          <reporter-output>
          </reporter-output>
        </test-method> <!-- DriverClose -->
      </class> <!-- biocube_Truntrance.TruNtrance -->
    </test> <!-- Default test -->
  </suite> <!-- Default suite -->
</testng-results>
